<?xml version="1.0" encoding="UTF-8"?>
<testng-results skipped="0" failed="1" total="1" passed="0">
  <reporter-output>
  </reporter-output>
  <suite name="TestSuite" duration-ms="70325" started-at="2015-08-28T10:31:39Z" finished-at="2015-08-28T10:32:50Z">
    <groups>
    </groups>
    <test name="FirefoxTest" duration-ms="70325" started-at="2015-08-28T10:31:39Z" finished-at="2015-08-28T10:32:50Z">
      <class name="dashboard.test_module.panel.DA_PANEL_TC045">
        <test-method status="PASS" signature="beforeClass(java.lang.String)[pri:0, instance:dashboard.test_module.panel.DA_PANEL_TC045@171769e]" name="beforeClass" is-config="true" duration-ms="19261" started-at="2015-08-28T17:31:39Z" finished-at="2015-08-28T17:31:59Z">
          <params>
            <param index="0">
              <value>
                <![CDATA[firefox]]>
              </value>
            </param>
          </params>
          <reporter-output>
          </reporter-output>
        </test-method> <!-- beforeClass -->
        <test-method status="FAIL" signature="DA_PANEL_TC045_TC()[pri:0, instance:dashboard.test_module.panel.DA_PANEL_TC045@171769e]" name="DA_PANEL_TC045_TC" duration-ms="27032" started-at="2015-08-28T17:31:59Z" finished-at="2015-08-28T17:32:26Z">
          <exception class="java.lang.AssertionError">
            <full-stacktrace>
              <![CDATA[java.lang.AssertionError
	at org.junit.Assert.fail(Assert.java:86)
	at org.junit.Assert.assertTrue(Assert.java:41)
	at org.junit.Assert.assertFalse(Assert.java:64)
	at org.junit.Assert.assertFalse(Assert.java:74)
	at action_built_in.CheckListItemsExist.<init>(CheckListItemsExist.java:36)
	at action_built_in.AutoAction.checkListItemsExist(AutoAction.java:236)
	at dashboard.test_module.panel.DA_PANEL_TC045.DA_PANEL_TC045_TC(DA_PANEL_TC045.java:42)
	at sun.reflect.NativeMethodAccessorImpl.invoke0(Native Method)
	at sun.reflect.NativeMethodAccessorImpl.invoke(Unknown Source)
	at sun.reflect.DelegatingMethodAccessorImpl.invoke(Unknown Source)
	at java.lang.reflect.Method.invoke(Unknown Source)
	at org.testng.internal.MethodInvocationHelper.invokeMethod(MethodInvocationHelper.java:84)
	at org.testng.internal.Invoker.invokeMethod(Invoker.java:714)
	at org.testng.internal.Invoker.invokeTestMethod(Invoker.java:901)
	at org.testng.internal.Invoker.invokeTestMethods(Invoker.java:1231)
	at org.testng.internal.TestMethodWorker.invokeTestMethods(TestMethodWorker.java:127)
	at org.testng.internal.TestMethodWorker.run(TestMethodWorker.java:111)
	at org.testng.TestRunner.privateRun(TestRunner.java:767)
	at org.testng.TestRunner.run(TestRunner.java:617)
	at org.testng.SuiteRunner.runTest(SuiteRunner.java:334)
	at org.testng.SuiteRunner.runSequentially(SuiteRunner.java:329)
	at org.testng.SuiteRunner.privateRun(SuiteRunner.java:291)
	at org.testng.SuiteRunner.run(SuiteRunner.java:240)
	at org.testng.SuiteRunnerWorker.runSuite(SuiteRunnerWorker.java:52)
	at org.testng.SuiteRunnerWorker.run(SuiteRunnerWorker.java:86)
	at org.testng.TestNG.runSuitesSequentially(TestNG.java:1224)
	at org.testng.TestNG.runSuitesLocally(TestNG.java:1149)
	at org.testng.TestNG.run(TestNG.java:1057)
	at org.testng.remote.RemoteTestNG.run(RemoteTestNG.java:111)
	at org.testng.remote.RemoteTestNG.initAndRun(RemoteTestNG.java:204)
	at org.testng.remote.RemoteTestNG.main(RemoteTestNG.java:175)
]]>
            </full-stacktrace>
          </exception> <!-- java.lang.AssertionError -->
          <reporter-output>
          </reporter-output>
        </test-method> <!-- DA_PANEL_TC045_TC -->
        <test-method status="PASS" signature="afterClass()[pri:0, instance:dashboard.test_module.panel.DA_PANEL_TC045@171769e]" name="afterClass" is-config="true" duration-ms="23999" started-at="2015-08-28T17:32:26Z" finished-at="2015-08-28T17:32:50Z">
          <reporter-output>
          </reporter-output>
        </test-method> <!-- afterClass -->
      </class> <!-- dashboard.test_module.panel.DA_PANEL_TC045 -->
    </test> <!-- FirefoxTest -->
  </suite> <!-- TestSuite -->
</testng-results>
