<?xml version="1.0" encoding="UTF-8"?>
<!-- Generated by org.testng.reporters.JUnitXMLReporter -->
<testsuite hostname="lgvn11253" name="FirefoxTest" tests="1" failures="1" timestamp="26 Aug 2015 11:05:38 GMT" time="74.023" errors="0">
  <testcase name="DA_PANEL_TC042_TC" time="55.442" classname="dashboard.test_module.panel.DA_PANEL_TC042">
    <failure type="java.lang.AssertionError" message="expected [false] but found [true]">
      <![CDATA[java.lang.AssertionError: expected [false] but found [true]
	at action_built_in.CheckControlProperty.<init>(CheckControlProperty.java:44)
	at action_built_in.AutoAction.checkControlProperty(AutoAction.java:114)
	at dashboard.action.hla.CheckPanelInfo.<init>(CheckPanelInfo.java:45)
	at dashboard.action.hla.AutoHLActions_Dashboard.checkPanelInfo(AutoHLActions_Dashboard.java:31)
	at dashboard.test_module.panel.DA_PANEL_TC042.DA_PANEL_TC042_TC(DA_PANEL_TC042.java:67)
... Removed 29 stack frames]]>
    </failure>
  </testcase> <!-- DA_PANEL_TC042_TC -->
</testsuite> <!-- FirefoxTest -->
